signaturepad/build/intermediates/manifest_merge_blame_file/release/manifest-merger-blame-release-report.txt
1<?xml version="1.0" encoding="utf-8"?>
2<manifest xmlns:android="http://schemas.android.com/apk/res/android"
3    package="com.github.gcacace.signaturepad"
4    android:versionCode="103"
5    android:versionName="1.0.3" >
6
7    <uses-sdk android:minSdkVersion="19" />
8    <!-- <uses-sdk android:minSdkVersion="4" /> -->
9    <application />
9-->src/main/AndroidManifest.xml:7:5-20
10
11</manifest>